<?xml version="1.0" encoding="UTF-8"?>
<!-- Generated by org.testng.reporters.JUnitReportReporter -->
<testsuite hostname="Manish" name="com.test.automation.POMFrameWork.loginPageTest.LoginPage_TestCases" tests="1" failures="0" timestamp="20 Mar 2018 12:00:20 GMT" time="8.284" errors="0">
  <testcase name="loginWithInvalidCredentisls" time="8.284" classname="com.test.automation.POMFrameWork.loginPageTest.LoginPage_TestCases"/>
</testsuite> <!-- com.test.automation.POMFrameWork.loginPageTest.LoginPage_TestCases -->
