<?xml version="1.0" encoding="UTF-8"?>
<!-- Generated by org.testng.reporters.JUnitReportReporter -->
<testsuite hostname="Manish" name="com.test.automation.POMFrameWork.loginPageTest.LoginPage_TestCases" tests="1" failures="0" timestamp="22 Mar 2018 14:28:20 GMT" time="5.175" errors="0">
  <testcase name="loginWithInvalidCredentisls" time="5.175" classname="com.test.automation.POMFrameWork.loginPageTest.LoginPage_TestCases"/>
</testsuite> <!-- com.test.automation.POMFrameWork.loginPageTest.LoginPage_TestCases -->
