<?xml version="1.0" encoding="UTF-8"?>
<!-- Generated by org.testng.reporters.JUnitReportReporter -->
<testsuite hostname="Manish" name="com.test.automation.POMFrameWork.homepageTest.HomePage_TestCases" tests="1" failures="0" timestamp="20 Mar 2018 05:54:39 GMT" time="0.028" errors="0">
  <testcase name="verifyTitleOfHomePage" time="0.028" classname="com.test.automation.POMFrameWork.homepageTest.HomePage_TestCases"/>
</testsuite> <!-- com.test.automation.POMFrameWork.homepageTest.HomePage_TestCases -->
